c:\users\max\source\repos\sprint11\lesson10\problem2\problem\problem\x64\debug\vc145.pdb
c:\users\max\source\repos\sprint11\lesson10\problem2\problem\problem\x64\debug\vc145.idb
c:\users\max\source\repos\sprint11\lesson10\problem2\problem\problem\x64\debug\problem.obj
c:\users\max\source\repos\sprint11\lesson10\problem2\problem\problem\x64\debug\json.obj
c:\users\max\source\repos\sprint11\lesson10\problem2\problem\problem\x64\debug\problem.ilk
c:\users\max\source\repos\sprint11\lesson10\problem2\problem\x64\debug\problem.pdb
c:\users\max\source\repos\sprint11\lesson10\problem2\problem\problem\x64\debug\problem.tlog\cl.command.1.tlog
c:\users\max\source\repos\sprint11\lesson10\problem2\problem\problem\x64\debug\problem.tlog\cl.items.tlog
c:\users\max\source\repos\sprint11\lesson10\problem2\problem\problem\x64\debug\problem.tlog\cl.read.1.tlog
c:\users\max\source\repos\sprint11\lesson10\problem2\problem\problem\x64\debug\problem.tlog\cl.write.1.tlog
c:\users\max\source\repos\sprint11\lesson10\problem2\problem\problem\x64\debug\problem.tlog\link.22408-cvtres.read.1.tlog
c:\users\max\source\repos\sprint11\lesson10\problem2\problem\problem\x64\debug\problem.tlog\link.22408-cvtres.write.1.tlog
c:\users\max\source\repos\sprint11\lesson10\problem2\problem\problem\x64\debug\problem.tlog\link.22408-rc.read.1.tlog
c:\users\max\source\repos\sprint11\lesson10\problem2\problem\problem\x64\debug\problem.tlog\link.22408-rc.write.1.tlog
c:\users\max\source\repos\sprint11\lesson10\problem2\problem\problem\x64\debug\problem.tlog\link.22408.read.1.tlog
c:\users\max\source\repos\sprint11\lesson10\problem2\problem\problem\x64\debug\problem.tlog\link.22408.read.2.tlog
c:\users\max\source\repos\sprint11\lesson10\problem2\problem\problem\x64\debug\problem.tlog\link.22408.read.3.tlog
c:\users\max\source\repos\sprint11\lesson10\problem2\problem\problem\x64\debug\problem.tlog\link.22408.read.4.tlog
c:\users\max\source\repos\sprint11\lesson10\problem2\problem\problem\x64\debug\problem.tlog\link.22408.write.1.tlog
c:\users\max\source\repos\sprint11\lesson10\problem2\problem\problem\x64\debug\problem.tlog\link.command.1.tlog
c:\users\max\source\repos\sprint11\lesson10\problem2\problem\problem\x64\debug\problem.tlog\link.read.1.tlog
c:\users\max\source\repos\sprint11\lesson10\problem2\problem\problem\x64\debug\problem.tlog\link.secondary.1.tlog
c:\users\max\source\repos\sprint11\lesson10\problem2\problem\problem\x64\debug\problem.tlog\link.write.1.tlog
